[00:32:22] [ServerMain/INFO]: Building unoptimized datafixer
[00:32:23] [ServerMain/INFO]: Environment: authHost='https://authserver.mojang.com', accountsHost='https://api.mojang.com', sessionHost='https://sessionserver.mojang.com', servicesHost='https://api.minecraftservices.com', name='PROD'
[00:32:23] [ServerMain/INFO]: Found new data pack file/bukkit, loading it automatically
[00:32:24] [ServerMain/INFO]: Loaded 7 recipes
[00:32:24] [Server thread/INFO]: Starting minecraft server version 1.19.3
[00:32:24] [Server thread/INFO]: Loading properties
[00:32:24] [Server thread/INFO]: Default game type: SURVIVAL
[00:32:24] [Server thread/INFO]: Generating keypair
[00:32:24] [Server thread/INFO]: Starting Minecraft server on 0.0.0.0:25565
[00:32:24] [Server thread/INFO]: Using epoll channel type
[00:32:25] [Server thread/INFO]: This server is running CraftBukkit version 3669-Bukkit-f150cfb (MC: 1.19.3) (Implementing API version 1.19.3-R0.1-SNAPSHOT)
[00:32:25] [Server thread/WARN]: **** SERVER IS RUNNING IN OFFLINE/INSECURE MODE!
[00:32:25] [Server thread/WARN]: The server will make no attempt to authenticate usernames. Beware.
[00:32:25] [Server thread/WARN]: While this makes the game possible to play without internet access, it also opens up the ability for hackers to connect with any username they choose.
[00:32:25] [Server thread/WARN]: To change this, set "online-mode" to "true" in the server.properties file.
[00:32:25] [Server thread/INFO]: Preparing level "Vanilla Server"
[00:32:27] [Server thread/INFO]: Preparing start region for dimension minecraft:overworld
[00:32:27] [Server thread/INFO]: Preparing spawn area: 0%
[00:32:27] [Worker-Main-8/INFO]: Preparing spawn area: 75%
[00:32:28] [Worker-Main-8/INFO]: Preparing spawn area: 86%
[00:32:28] [Worker-Main-3/INFO]: Preparing spawn area: 86%
[00:32:29] [Worker-Main-3/INFO]: Preparing spawn area: 86%
[00:32:29] [Worker-Main-11/INFO]: Preparing spawn area: 86%
[00:32:30] [Worker-Main-9/INFO]: Preparing spawn area: 86%
[00:32:30] [Worker-Main-2/INFO]: Preparing spawn area: 87%
[00:32:31] [Worker-Main-2/INFO]: Preparing spawn area: 90%
[00:32:31] [Worker-Main-10/INFO]: Preparing spawn area: 93%
[00:32:32] [Worker-Main-9/INFO]: Preparing spawn area: 97%
[00:32:32] [Server thread/INFO]: Time elapsed: 5372 ms
[00:32:32] [Server thread/INFO]: Preparing start region for dimension minecraft:the_nether
[00:32:32] [Server thread/INFO]: Preparing spawn area: 0%
[00:32:33] [Worker-Main-6/INFO]: Preparing spawn area: 87%
[00:32:33] [Worker-Main-1/INFO]: Preparing spawn area: 87%
[00:32:34] [Worker-Main-3/INFO]: Preparing spawn area: 87%
[00:32:34] [Worker-Main-7/INFO]: Preparing spawn area: 90%
[00:32:35] [Worker-Main-4/INFO]: Preparing spawn area: 95%
[00:32:35] [Server thread/INFO]: Time elapsed: 2855 ms
[00:32:35] [Server thread/INFO]: Preparing start region for dimension minecraft:the_end
[00:32:35] [Server thread/INFO]: Preparing spawn area: 0%
[00:32:35] [Server thread/INFO]: Time elapsed: 362 ms
[00:32:35] [Server thread/INFO]: Server permissions file permissions.yml is empty, ignoring it
[00:32:35] [Server thread/INFO]: Done (10.710s)! For help, type "help"
[00:32:43] [Server thread/INFO]: Added lalka2003 to the whitelist
[00:32:46] [Thread-2/INFO]: Stopping server
[00:32:46] [Thread-2/INFO]: Saving players
